{"timestamp":"2025-07-17T05:04:07.854726","level":"info","event":"Filling up the DagBag from /opt/airflow/dags/new.py","logger":"airflow.models.dagbag.DagBag"}
{"timestamp":"2025-07-17T05:04:08.134967","level":"error","event":"Failed to import: /opt/airflow/dags/new.py","logger":"airflow.models.dagbag.DagBag","error_detail":[{"exc_type":"ImportError","exc_value":"cannot import name 'days_ago' from 'airflow.utils.dates' (/home/airflow/.local/lib/python3.12/site-packages/airflow/utils/dates.py)","exc_notes":[],"syntax_error":null,"is_cause":false,"frames":[{"filename":"/home/airflow/.local/lib/python3.12/site-packages/airflow/models/dagbag.py","lineno":394,"name":"parse"},{"filename":"<frozen importlib._bootstrap_external>","lineno":999,"name":"exec_module"},{"filename":"<frozen importlib._bootstrap>","lineno":488,"name":"_call_with_frames_removed"},{"filename":"/opt/airflow/dags/new.py","lineno":7,"name":"<module>"}],"is_group":false,"exceptions":[]}]}
{"timestamp":"2025-07-17T05:04:39.475779","level":"info","event":"Filling up the DagBag from /opt/airflow/dags/new.py","logger":"airflow.models.dagbag.DagBag"}
{"timestamp":"2025-07-17T05:04:39.586609","level":"error","event":"Failed to import: /opt/airflow/dags/new.py","logger":"airflow.models.dagbag.DagBag","error_detail":[{"exc_type":"ImportError","exc_value":"cannot import name 'days_ago' from 'airflow.utils.dates' (/home/airflow/.local/lib/python3.12/site-packages/airflow/utils/dates.py)","exc_notes":[],"syntax_error":null,"is_cause":false,"frames":[{"filename":"/home/airflow/.local/lib/python3.12/site-packages/airflow/models/dagbag.py","lineno":394,"name":"parse"},{"filename":"<frozen importlib._bootstrap_external>","lineno":999,"name":"exec_module"},{"filename":"<frozen importlib._bootstrap>","lineno":488,"name":"_call_with_frames_removed"},{"filename":"/opt/airflow/dags/new.py","lineno":7,"name":"<module>"}],"is_group":false,"exceptions":[]}]}
{"timestamp":"2025-07-17T05:05:10.651426","level":"info","event":"Filling up the DagBag from /opt/airflow/dags/new.py","logger":"airflow.models.dagbag.DagBag"}
{"timestamp":"2025-07-17T05:05:10.725004","level":"error","event":"Failed to import: /opt/airflow/dags/new.py","logger":"airflow.models.dagbag.DagBag","error_detail":[{"exc_type":"ImportError","exc_value":"cannot import name 'days_ago' from 'airflow.utils.dates' (/home/airflow/.local/lib/python3.12/site-packages/airflow/utils/dates.py)","exc_notes":[],"syntax_error":null,"is_cause":false,"frames":[{"filename":"/home/airflow/.local/lib/python3.12/site-packages/airflow/models/dagbag.py","lineno":394,"name":"parse"},{"filename":"<frozen importlib._bootstrap_external>","lineno":999,"name":"exec_module"},{"filename":"<frozen importlib._bootstrap>","lineno":488,"name":"_call_with_frames_removed"},{"filename":"/opt/airflow/dags/new.py","lineno":7,"name":"<module>"}],"is_group":false,"exceptions":[]}]}
{"timestamp":"2025-07-17T05:05:41.268901","level":"info","event":"Filling up the DagBag from /opt/airflow/dags/new.py","logger":"airflow.models.dagbag.DagBag"}
{"timestamp":"2025-07-17T05:05:41.338413","level":"error","event":"Failed to import: /opt/airflow/dags/new.py","logger":"airflow.models.dagbag.DagBag","error_detail":[{"exc_type":"ImportError","exc_value":"cannot import name 'days_ago' from 'airflow.utils.dates' (/home/airflow/.local/lib/python3.12/site-packages/airflow/utils/dates.py)","exc_notes":[],"syntax_error":null,"is_cause":false,"frames":[{"filename":"/home/airflow/.local/lib/python3.12/site-packages/airflow/models/dagbag.py","lineno":394,"name":"parse"},{"filename":"<frozen importlib._bootstrap_external>","lineno":999,"name":"exec_module"},{"filename":"<frozen importlib._bootstrap>","lineno":488,"name":"_call_with_frames_removed"},{"filename":"/opt/airflow/dags/new.py","lineno":7,"name":"<module>"}],"is_group":false,"exceptions":[]}]}
{"timestamp":"2025-07-17T05:06:11.633226","level":"info","event":"Filling up the DagBag from /opt/airflow/dags/new.py","logger":"airflow.models.dagbag.DagBag"}
{"timestamp":"2025-07-17T05:06:11.665617","level":"error","event":"Failed to import: /opt/airflow/dags/new.py","logger":"airflow.models.dagbag.DagBag","error_detail":[{"exc_type":"ImportError","exc_value":"cannot import name 'days_ago' from 'airflow.utils.dates' (/home/airflow/.local/lib/python3.12/site-packages/airflow/utils/dates.py)","exc_notes":[],"syntax_error":null,"is_cause":false,"frames":[{"filename":"/home/airflow/.local/lib/python3.12/site-packages/airflow/models/dagbag.py","lineno":394,"name":"parse"},{"filename":"<frozen importlib._bootstrap_external>","lineno":999,"name":"exec_module"},{"filename":"<frozen importlib._bootstrap>","lineno":488,"name":"_call_with_frames_removed"},{"filename":"/opt/airflow/dags/new.py","lineno":7,"name":"<module>"}],"is_group":false,"exceptions":[]}]}
{"timestamp":"2025-07-17T05:06:42.191326","level":"info","event":"Filling up the DagBag from /opt/airflow/dags/new.py","logger":"airflow.models.dagbag.DagBag"}
{"timestamp":"2025-07-17T05:06:42.508628","level":"error","event":"Failed to import: /opt/airflow/dags/new.py","logger":"airflow.models.dagbag.DagBag","error_detail":[{"exc_type":"ImportError","exc_value":"cannot import name 'days_ago' from 'airflow.utils.dates' (/home/airflow/.local/lib/python3.12/site-packages/airflow/utils/dates.py)","exc_notes":[],"syntax_error":null,"is_cause":false,"frames":[{"filename":"/home/airflow/.local/lib/python3.12/site-packages/airflow/models/dagbag.py","lineno":394,"name":"parse"},{"filename":"<frozen importlib._bootstrap_external>","lineno":999,"name":"exec_module"},{"filename":"<frozen importlib._bootstrap>","lineno":488,"name":"_call_with_frames_removed"},{"filename":"/opt/airflow/dags/new.py","lineno":7,"name":"<module>"}],"is_group":false,"exceptions":[]}]}
{"timestamp":"2025-07-17T05:07:14.068153","level":"info","event":"Filling up the DagBag from /opt/airflow/dags/new.py","logger":"airflow.models.dagbag.DagBag"}
{"timestamp":"2025-07-17T05:07:14.130875","level":"error","event":"Failed to import: /opt/airflow/dags/new.py","logger":"airflow.models.dagbag.DagBag","error_detail":[{"exc_type":"ImportError","exc_value":"cannot import name 'days_ago' from 'airflow.utils.dates' (/home/airflow/.local/lib/python3.12/site-packages/airflow/utils/dates.py)","exc_notes":[],"syntax_error":null,"is_cause":false,"frames":[{"filename":"/home/airflow/.local/lib/python3.12/site-packages/airflow/models/dagbag.py","lineno":394,"name":"parse"},{"filename":"<frozen importlib._bootstrap_external>","lineno":999,"name":"exec_module"},{"filename":"<frozen importlib._bootstrap>","lineno":488,"name":"_call_with_frames_removed"},{"filename":"/opt/airflow/dags/new.py","lineno":7,"name":"<module>"}],"is_group":false,"exceptions":[]}]}
{"timestamp":"2025-07-17T05:07:45.057399","level":"info","event":"Filling up the DagBag from /opt/airflow/dags/new.py","logger":"airflow.models.dagbag.DagBag"}
{"timestamp":"2025-07-17T05:07:45.090104","level":"error","event":"Failed to import: /opt/airflow/dags/new.py","logger":"airflow.models.dagbag.DagBag","error_detail":[{"exc_type":"ImportError","exc_value":"cannot import name 'days_ago' from 'airflow.utils.dates' (/home/airflow/.local/lib/python3.12/site-packages/airflow/utils/dates.py)","exc_notes":[],"syntax_error":null,"is_cause":false,"frames":[{"filename":"/home/airflow/.local/lib/python3.12/site-packages/airflow/models/dagbag.py","lineno":394,"name":"parse"},{"filename":"<frozen importlib._bootstrap_external>","lineno":999,"name":"exec_module"},{"filename":"<frozen importlib._bootstrap>","lineno":488,"name":"_call_with_frames_removed"},{"filename":"/opt/airflow/dags/new.py","lineno":7,"name":"<module>"}],"is_group":false,"exceptions":[]}]}
{"timestamp":"2025-07-17T05:08:15.426375","level":"info","event":"Filling up the DagBag from /opt/airflow/dags/new.py","logger":"airflow.models.dagbag.DagBag"}
{"timestamp":"2025-07-17T05:08:15.455219","level":"error","event":"Failed to import: /opt/airflow/dags/new.py","logger":"airflow.models.dagbag.DagBag","error_detail":[{"exc_type":"ImportError","exc_value":"cannot import name 'days_ago' from 'airflow.utils.dates' (/home/airflow/.local/lib/python3.12/site-packages/airflow/utils/dates.py)","exc_notes":[],"syntax_error":null,"is_cause":false,"frames":[{"filename":"/home/airflow/.local/lib/python3.12/site-packages/airflow/models/dagbag.py","lineno":394,"name":"parse"},{"filename":"<frozen importlib._bootstrap_external>","lineno":999,"name":"exec_module"},{"filename":"<frozen importlib._bootstrap>","lineno":488,"name":"_call_with_frames_removed"},{"filename":"/opt/airflow/dags/new.py","lineno":7,"name":"<module>"}],"is_group":false,"exceptions":[]}]}
{"timestamp":"2025-07-17T05:08:45.816304","level":"info","event":"Filling up the DagBag from /opt/airflow/dags/new.py","logger":"airflow.models.dagbag.DagBag"}
{"timestamp":"2025-07-17T05:08:45.847631","level":"error","event":"Failed to import: /opt/airflow/dags/new.py","logger":"airflow.models.dagbag.DagBag","error_detail":[{"exc_type":"ImportError","exc_value":"cannot import name 'days_ago' from 'airflow.utils.dates' (/home/airflow/.local/lib/python3.12/site-packages/airflow/utils/dates.py)","exc_notes":[],"syntax_error":null,"is_cause":false,"frames":[{"filename":"/home/airflow/.local/lib/python3.12/site-packages/airflow/models/dagbag.py","lineno":394,"name":"parse"},{"filename":"<frozen importlib._bootstrap_external>","lineno":999,"name":"exec_module"},{"filename":"<frozen importlib._bootstrap>","lineno":488,"name":"_call_with_frames_removed"},{"filename":"/opt/airflow/dags/new.py","lineno":7,"name":"<module>"}],"is_group":false,"exceptions":[]}]}
{"timestamp":"2025-07-17T05:09:16.890963","level":"info","event":"Filling up the DagBag from /opt/airflow/dags/new.py","logger":"airflow.models.dagbag.DagBag"}
{"timestamp":"2025-07-17T05:09:16.920842","level":"error","event":"Failed to import: /opt/airflow/dags/new.py","logger":"airflow.models.dagbag.DagBag","error_detail":[{"exc_type":"ImportError","exc_value":"cannot import name 'days_ago' from 'airflow.utils.dates' (/home/airflow/.local/lib/python3.12/site-packages/airflow/utils/dates.py)","exc_notes":[],"syntax_error":null,"is_cause":false,"frames":[{"filename":"/home/airflow/.local/lib/python3.12/site-packages/airflow/models/dagbag.py","lineno":394,"name":"parse"},{"filename":"<frozen importlib._bootstrap_external>","lineno":999,"name":"exec_module"},{"filename":"<frozen importlib._bootstrap>","lineno":488,"name":"_call_with_frames_removed"},{"filename":"/opt/airflow/dags/new.py","lineno":7,"name":"<module>"}],"is_group":false,"exceptions":[]}]}
{"timestamp":"2025-07-17T05:09:47.091993","level":"info","event":"Filling up the DagBag from /opt/airflow/dags/new.py","logger":"airflow.models.dagbag.DagBag"}
{"timestamp":"2025-07-17T05:09:47.137103","level":"error","event":"Failed to import: /opt/airflow/dags/new.py","logger":"airflow.models.dagbag.DagBag","error_detail":[{"exc_type":"ImportError","exc_value":"cannot import name 'days_ago' from 'airflow.utils.dates' (/home/airflow/.local/lib/python3.12/site-packages/airflow/utils/dates.py)","exc_notes":[],"syntax_error":null,"is_cause":false,"frames":[{"filename":"/home/airflow/.local/lib/python3.12/site-packages/airflow/models/dagbag.py","lineno":394,"name":"parse"},{"filename":"<frozen importlib._bootstrap_external>","lineno":999,"name":"exec_module"},{"filename":"<frozen importlib._bootstrap>","lineno":488,"name":"_call_with_frames_removed"},{"filename":"/opt/airflow/dags/new.py","lineno":7,"name":"<module>"}],"is_group":false,"exceptions":[]}]}
{"timestamp":"2025-07-17T05:10:17.676102","level":"info","event":"Filling up the DagBag from /opt/airflow/dags/new.py","logger":"airflow.models.dagbag.DagBag"}
{"timestamp":"2025-07-17T05:10:17.700841","level":"error","event":"Failed to import: /opt/airflow/dags/new.py","logger":"airflow.models.dagbag.DagBag","error_detail":[{"exc_type":"ImportError","exc_value":"cannot import name 'days_ago' from 'airflow.utils.dates' (/home/airflow/.local/lib/python3.12/site-packages/airflow/utils/dates.py)","exc_notes":[],"syntax_error":null,"is_cause":false,"frames":[{"filename":"/home/airflow/.local/lib/python3.12/site-packages/airflow/models/dagbag.py","lineno":394,"name":"parse"},{"filename":"<frozen importlib._bootstrap_external>","lineno":999,"name":"exec_module"},{"filename":"<frozen importlib._bootstrap>","lineno":488,"name":"_call_with_frames_removed"},{"filename":"/opt/airflow/dags/new.py","lineno":7,"name":"<module>"}],"is_group":false,"exceptions":[]}]}
{"timestamp":"2025-07-17T05:10:47.943132","level":"info","event":"Filling up the DagBag from /opt/airflow/dags/new.py","logger":"airflow.models.dagbag.DagBag"}
{"timestamp":"2025-07-17T05:10:48.008517","level":"error","event":"Failed to import: /opt/airflow/dags/new.py","logger":"airflow.models.dagbag.DagBag","error_detail":[{"exc_type":"ImportError","exc_value":"cannot import name 'days_ago' from 'airflow.utils.dates' (/home/airflow/.local/lib/python3.12/site-packages/airflow/utils/dates.py)","exc_notes":[],"syntax_error":null,"is_cause":false,"frames":[{"filename":"/home/airflow/.local/lib/python3.12/site-packages/airflow/models/dagbag.py","lineno":394,"name":"parse"},{"filename":"<frozen importlib._bootstrap_external>","lineno":999,"name":"exec_module"},{"filename":"<frozen importlib._bootstrap>","lineno":488,"name":"_call_with_frames_removed"},{"filename":"/opt/airflow/dags/new.py","lineno":7,"name":"<module>"}],"is_group":false,"exceptions":[]}]}
{"timestamp":"2025-07-17T05:11:18.996951","level":"info","event":"Filling up the DagBag from /opt/airflow/dags/new.py","logger":"airflow.models.dagbag.DagBag"}
{"timestamp":"2025-07-17T05:11:19.046552","level":"error","event":"Failed to import: /opt/airflow/dags/new.py","logger":"airflow.models.dagbag.DagBag","error_detail":[{"exc_type":"ImportError","exc_value":"cannot import name 'days_ago' from 'airflow.utils.dates' (/home/airflow/.local/lib/python3.12/site-packages/airflow/utils/dates.py)","exc_notes":[],"syntax_error":null,"is_cause":false,"frames":[{"filename":"/home/airflow/.local/lib/python3.12/site-packages/airflow/models/dagbag.py","lineno":394,"name":"parse"},{"filename":"<frozen importlib._bootstrap_external>","lineno":999,"name":"exec_module"},{"filename":"<frozen importlib._bootstrap>","lineno":488,"name":"_call_with_frames_removed"},{"filename":"/opt/airflow/dags/new.py","lineno":7,"name":"<module>"}],"is_group":false,"exceptions":[]}]}
{"timestamp":"2025-07-17T05:11:49.798661","level":"info","event":"Filling up the DagBag from /opt/airflow/dags/new.py","logger":"airflow.models.dagbag.DagBag"}
{"timestamp":"2025-07-17T05:11:49.840151","level":"error","event":"Failed to import: /opt/airflow/dags/new.py","logger":"airflow.models.dagbag.DagBag","error_detail":[{"exc_type":"ImportError","exc_value":"cannot import name 'days_ago' from 'airflow.utils.dates' (/home/airflow/.local/lib/python3.12/site-packages/airflow/utils/dates.py)","exc_notes":[],"syntax_error":null,"is_cause":false,"frames":[{"filename":"/home/airflow/.local/lib/python3.12/site-packages/airflow/models/dagbag.py","lineno":394,"name":"parse"},{"filename":"<frozen importlib._bootstrap_external>","lineno":999,"name":"exec_module"},{"filename":"<frozen importlib._bootstrap>","lineno":488,"name":"_call_with_frames_removed"},{"filename":"/opt/airflow/dags/new.py","lineno":7,"name":"<module>"}],"is_group":false,"exceptions":[]}]}
{"timestamp":"2025-07-17T05:12:21.553731","level":"info","event":"Filling up the DagBag from /opt/airflow/dags/new.py","logger":"airflow.models.dagbag.DagBag"}
{"timestamp":"2025-07-17T05:12:21.707591","level":"error","event":"Failed to import: /opt/airflow/dags/new.py","logger":"airflow.models.dagbag.DagBag","error_detail":[{"exc_type":"ImportError","exc_value":"cannot import name 'days_ago' from 'airflow.utils.dates' (/home/airflow/.local/lib/python3.12/site-packages/airflow/utils/dates.py)","exc_notes":[],"syntax_error":null,"is_cause":false,"frames":[{"filename":"/home/airflow/.local/lib/python3.12/site-packages/airflow/models/dagbag.py","lineno":394,"name":"parse"},{"filename":"<frozen importlib._bootstrap_external>","lineno":999,"name":"exec_module"},{"filename":"<frozen importlib._bootstrap>","lineno":488,"name":"_call_with_frames_removed"},{"filename":"/opt/airflow/dags/new.py","lineno":7,"name":"<module>"}],"is_group":false,"exceptions":[]}]}
{"timestamp":"2025-07-17T05:12:43.239291","level":"info","event":"Filling up the DagBag from /opt/airflow/dags/new.py","logger":"airflow.models.dagbag.DagBag"}
{"timestamp":"2025-07-17T05:12:43.305285","level":"error","event":"Failed to import: /opt/airflow/dags/new.py","logger":"airflow.models.dagbag.DagBag","error_detail":[{"exc_type":"NameError","exc_value":"name 'days_ago' is not defined","exc_notes":[],"syntax_error":null,"is_cause":false,"frames":[{"filename":"/home/airflow/.local/lib/python3.12/site-packages/airflow/models/dagbag.py","lineno":394,"name":"parse"},{"filename":"<frozen importlib._bootstrap_external>","lineno":999,"name":"exec_module"},{"filename":"<frozen importlib._bootstrap>","lineno":488,"name":"_call_with_frames_removed"},{"filename":"/opt/airflow/dags/new.py","lineno":13,"name":"<module>"}],"is_group":false,"exceptions":[]}]}
{"timestamp":"2025-07-17T05:12:48.023044","level":"info","event":"Filling up the DagBag from /opt/airflow/dags/new.py","logger":"airflow.models.dagbag.DagBag"}
{"timestamp":"2025-07-17T05:12:48.065336","level":"error","event":"Failed to import: /opt/airflow/dags/new.py","logger":"airflow.models.dagbag.DagBag","error_detail":[{"exc_type":"TypeError","exc_value":"DAG.__init__() got an unexpected keyword argument 'schedule_interval'","exc_notes":[],"syntax_error":null,"is_cause":false,"frames":[{"filename":"/home/airflow/.local/lib/python3.12/site-packages/airflow/models/dagbag.py","lineno":394,"name":"parse"},{"filename":"<frozen importlib._bootstrap_external>","lineno":999,"name":"exec_module"},{"filename":"<frozen importlib._bootstrap>","lineno":488,"name":"_call_with_frames_removed"},{"filename":"/opt/airflow/dags/new.py","lineno":22,"name":"<module>"}],"is_group":false,"exceptions":[]}]}
{"timestamp":"2025-07-17T05:12:52.523944","level":"info","event":"Filling up the DagBag from /opt/airflow/dags/new.py","logger":"airflow.models.dagbag.DagBag"}
{"timestamp":"2025-07-17T05:12:52.585769","level":"error","event":"Failed to import: /opt/airflow/dags/new.py","logger":"airflow.models.dagbag.DagBag","error_detail":[{"exc_type":"TypeError","exc_value":"DAG.__init__() got an unexpected keyword argument 'schedule_interval'","exc_notes":[],"syntax_error":null,"is_cause":false,"frames":[{"filename":"/home/airflow/.local/lib/python3.12/site-packages/airflow/models/dagbag.py","lineno":394,"name":"parse"},{"filename":"<frozen importlib._bootstrap_external>","lineno":999,"name":"exec_module"},{"filename":"<frozen importlib._bootstrap>","lineno":488,"name":"_call_with_frames_removed"},{"filename":"/opt/airflow/dags/new.py","lineno":22,"name":"<module>"}],"is_group":false,"exceptions":[]}]}
{"timestamp":"2025-07-17T05:12:59.277049","level":"info","event":"Filling up the DagBag from /opt/airflow/dags/new.py","logger":"airflow.models.dagbag.DagBag"}
{"timestamp":"2025-07-17T05:12:59.439581","level":"error","event":"Failed to import: /opt/airflow/dags/new.py","logger":"airflow.models.dagbag.DagBag","error_detail":[{"exc_type":"TypeError","exc_value":"DAG.__init__() got an unexpected keyword argument 'schedule_interval'","exc_notes":[],"syntax_error":null,"is_cause":false,"frames":[{"filename":"/home/airflow/.local/lib/python3.12/site-packages/airflow/models/dagbag.py","lineno":394,"name":"parse"},{"filename":"<frozen importlib._bootstrap_external>","lineno":999,"name":"exec_module"},{"filename":"<frozen importlib._bootstrap>","lineno":488,"name":"_call_with_frames_removed"},{"filename":"/opt/airflow/dags/new.py","lineno":22,"name":"<module>"}],"is_group":false,"exceptions":[]}]}
{"timestamp":"2025-07-17T05:13:28.880236","level":"info","event":"Filling up the DagBag from /opt/airflow/dags/new.py","logger":"airflow.models.dagbag.DagBag"}
{"timestamp":"2025-07-17T05:13:31.660029","level":"info","event":"Filling up the DagBag from /opt/airflow/dags/new.py","logger":"airflow.models.dagbag.DagBag"}
{"timestamp":"2025-07-17T05:14:02.750092","level":"info","event":"Filling up the DagBag from /opt/airflow/dags/new.py","logger":"airflow.models.dagbag.DagBag"}
{"timestamp":"2025-07-17T05:14:32.791855","level":"info","event":"Filling up the DagBag from /opt/airflow/dags/new.py","logger":"airflow.models.dagbag.DagBag"}
{"timestamp":"2025-07-17T05:14:34.420031","level":"info","event":"Filling up the DagBag from /opt/airflow/dags/new.py","logger":"airflow.models.dagbag.DagBag"}
{"timestamp":"2025-07-17T05:15:04.809704","level":"info","event":"Filling up the DagBag from /opt/airflow/dags/new.py","logger":"airflow.models.dagbag.DagBag"}
{"timestamp":"2025-07-17T05:15:35.828790","level":"info","event":"Filling up the DagBag from /opt/airflow/dags/new.py","logger":"airflow.models.dagbag.DagBag"}
{"timestamp":"2025-07-17T05:16:06.034229","level":"info","event":"Filling up the DagBag from /opt/airflow/dags/new.py","logger":"airflow.models.dagbag.DagBag"}
{"timestamp":"2025-07-17T05:16:36.281012","level":"info","event":"Filling up the DagBag from /opt/airflow/dags/new.py","logger":"airflow.models.dagbag.DagBag"}
{"timestamp":"2025-07-17T05:17:06.509725","level":"info","event":"Filling up the DagBag from /opt/airflow/dags/new.py","logger":"airflow.models.dagbag.DagBag"}
{"timestamp":"2025-07-17T05:17:36.828701","level":"info","event":"Filling up the DagBag from /opt/airflow/dags/new.py","logger":"airflow.models.dagbag.DagBag"}
{"timestamp":"2025-07-17T05:18:07.109043","level":"info","event":"Filling up the DagBag from /opt/airflow/dags/new.py","logger":"airflow.models.dagbag.DagBag"}
{"timestamp":"2025-07-17T05:18:37.875385","level":"info","event":"Filling up the DagBag from /opt/airflow/dags/new.py","logger":"airflow.models.dagbag.DagBag"}
{"timestamp":"2025-07-17T05:19:08.675667","level":"info","event":"Filling up the DagBag from /opt/airflow/dags/new.py","logger":"airflow.models.dagbag.DagBag"}
{"timestamp":"2025-07-17T05:19:39.713615","level":"info","event":"Filling up the DagBag from /opt/airflow/dags/new.py","logger":"airflow.models.dagbag.DagBag"}
{"timestamp":"2025-07-17T05:20:10.363406","level":"info","event":"Filling up the DagBag from /opt/airflow/dags/new.py","logger":"airflow.models.dagbag.DagBag"}
{"timestamp":"2025-07-17T05:20:40.933583","level":"info","event":"Filling up the DagBag from /opt/airflow/dags/new.py","logger":"airflow.models.dagbag.DagBag"}
{"timestamp":"2025-07-17T05:21:11.190514","level":"info","event":"Filling up the DagBag from /opt/airflow/dags/new.py","logger":"airflow.models.dagbag.DagBag"}
{"timestamp":"2025-07-17T05:21:41.474204","level":"info","event":"Filling up the DagBag from /opt/airflow/dags/new.py","logger":"airflow.models.dagbag.DagBag"}
{"timestamp":"2025-07-17T05:22:11.942812","level":"info","event":"Filling up the DagBag from /opt/airflow/dags/new.py","logger":"airflow.models.dagbag.DagBag"}
{"timestamp":"2025-07-17T05:22:43.078726","level":"info","event":"Filling up the DagBag from /opt/airflow/dags/new.py","logger":"airflow.models.dagbag.DagBag"}
{"timestamp":"2025-07-17T05:23:13.395504","level":"info","event":"Filling up the DagBag from /opt/airflow/dags/new.py","logger":"airflow.models.dagbag.DagBag"}
{"timestamp":"2025-07-17T05:23:43.587779","level":"info","event":"Filling up the DagBag from /opt/airflow/dags/new.py","logger":"airflow.models.dagbag.DagBag"}
{"timestamp":"2025-07-17T05:24:13.754506","level":"info","event":"Filling up the DagBag from /opt/airflow/dags/new.py","logger":"airflow.models.dagbag.DagBag"}
{"timestamp":"2025-07-17T05:24:44.030451","level":"info","event":"Filling up the DagBag from /opt/airflow/dags/new.py","logger":"airflow.models.dagbag.DagBag"}
{"timestamp":"2025-07-17T05:25:15.094213","level":"info","event":"Filling up the DagBag from /opt/airflow/dags/new.py","logger":"airflow.models.dagbag.DagBag"}
{"timestamp":"2025-07-17T05:25:45.644575","level":"info","event":"Filling up the DagBag from /opt/airflow/dags/new.py","logger":"airflow.models.dagbag.DagBag"}
{"timestamp":"2025-07-17T05:26:15.892193","level":"info","event":"Filling up the DagBag from /opt/airflow/dags/new.py","logger":"airflow.models.dagbag.DagBag"}
{"timestamp":"2025-07-17T05:26:46.665250","level":"info","event":"Filling up the DagBag from /opt/airflow/dags/new.py","logger":"airflow.models.dagbag.DagBag"}
{"timestamp":"2025-07-17T05:27:16.988807","level":"info","event":"Filling up the DagBag from /opt/airflow/dags/new.py","logger":"airflow.models.dagbag.DagBag"}
{"timestamp":"2025-07-17T05:27:47.295400","level":"info","event":"Filling up the DagBag from /opt/airflow/dags/new.py","logger":"airflow.models.dagbag.DagBag"}
{"timestamp":"2025-07-17T05:28:17.870212","level":"info","event":"Filling up the DagBag from /opt/airflow/dags/new.py","logger":"airflow.models.dagbag.DagBag"}
{"timestamp":"2025-07-17T05:28:48.742234","level":"info","event":"Filling up the DagBag from /opt/airflow/dags/new.py","logger":"airflow.models.dagbag.DagBag"}
{"timestamp":"2025-07-17T05:29:19.483107","level":"info","event":"Filling up the DagBag from /opt/airflow/dags/new.py","logger":"airflow.models.dagbag.DagBag"}
{"timestamp":"2025-07-17T05:29:50.367167","level":"info","event":"Filling up the DagBag from /opt/airflow/dags/new.py","logger":"airflow.models.dagbag.DagBag"}
{"timestamp":"2025-07-17T05:30:20.940066","level":"info","event":"Filling up the DagBag from /opt/airflow/dags/new.py","logger":"airflow.models.dagbag.DagBag"}
{"timestamp":"2025-07-17T05:30:51.611403","level":"info","event":"Filling up the DagBag from /opt/airflow/dags/new.py","logger":"airflow.models.dagbag.DagBag"}
{"timestamp":"2025-07-17T05:31:22.367032","level":"info","event":"Filling up the DagBag from /opt/airflow/dags/new.py","logger":"airflow.models.dagbag.DagBag"}
{"timestamp":"2025-07-17T05:31:52.708994","level":"info","event":"Filling up the DagBag from /opt/airflow/dags/new.py","logger":"airflow.models.dagbag.DagBag"}
{"timestamp":"2025-07-17T05:32:23.748604","level":"info","event":"Filling up the DagBag from /opt/airflow/dags/new.py","logger":"airflow.models.dagbag.DagBag"}
{"timestamp":"2025-07-17T05:32:54.315557","level":"info","event":"Filling up the DagBag from /opt/airflow/dags/new.py","logger":"airflow.models.dagbag.DagBag"}
{"timestamp":"2025-07-17T05:33:24.813796","level":"info","event":"Filling up the DagBag from /opt/airflow/dags/new.py","logger":"airflow.models.dagbag.DagBag"}
{"timestamp":"2025-07-17T05:33:55.200448","level":"info","event":"Filling up the DagBag from /opt/airflow/dags/new.py","logger":"airflow.models.dagbag.DagBag"}
{"timestamp":"2025-07-17T05:34:25.646205","level":"info","event":"Filling up the DagBag from /opt/airflow/dags/new.py","logger":"airflow.models.dagbag.DagBag"}
{"timestamp":"2025-07-17T05:34:56.106517","level":"info","event":"Filling up the DagBag from /opt/airflow/dags/new.py","logger":"airflow.models.dagbag.DagBag"}
{"timestamp":"2025-07-17T05:35:26.435211","level":"info","event":"Filling up the DagBag from /opt/airflow/dags/new.py","logger":"airflow.models.dagbag.DagBag"}
{"timestamp":"2025-07-17T05:35:56.798638","level":"info","event":"Filling up the DagBag from /opt/airflow/dags/new.py","logger":"airflow.models.dagbag.DagBag"}
{"timestamp":"2025-07-17T05:36:27.439394","level":"info","event":"Filling up the DagBag from /opt/airflow/dags/new.py","logger":"airflow.models.dagbag.DagBag"}
{"timestamp":"2025-07-17T05:36:58.344532","level":"info","event":"Filling up the DagBag from /opt/airflow/dags/new.py","logger":"airflow.models.dagbag.DagBag"}
{"timestamp":"2025-07-17T05:37:28.875046","level":"info","event":"Filling up the DagBag from /opt/airflow/dags/new.py","logger":"airflow.models.dagbag.DagBag"}
{"timestamp":"2025-07-17T05:37:59.817502","level":"info","event":"Filling up the DagBag from /opt/airflow/dags/new.py","logger":"airflow.models.dagbag.DagBag"}
{"timestamp":"2025-07-17T05:38:30.019407","level":"info","event":"Filling up the DagBag from /opt/airflow/dags/new.py","logger":"airflow.models.dagbag.DagBag"}
{"timestamp":"2025-07-17T05:39:00.652360","level":"info","event":"Filling up the DagBag from /opt/airflow/dags/new.py","logger":"airflow.models.dagbag.DagBag"}
{"timestamp":"2025-07-17T05:39:31.035116","level":"info","event":"Filling up the DagBag from /opt/airflow/dags/new.py","logger":"airflow.models.dagbag.DagBag"}
{"timestamp":"2025-07-17T05:40:01.740608","level":"info","event":"Filling up the DagBag from /opt/airflow/dags/new.py","logger":"airflow.models.dagbag.DagBag"}
{"timestamp":"2025-07-17T05:40:32.779243","level":"info","event":"Filling up the DagBag from /opt/airflow/dags/new.py","logger":"airflow.models.dagbag.DagBag"}
{"timestamp":"2025-07-17T05:41:03.508865","level":"info","event":"Filling up the DagBag from /opt/airflow/dags/new.py","logger":"airflow.models.dagbag.DagBag"}
{"timestamp":"2025-07-17T05:41:34.246182","level":"info","event":"Filling up the DagBag from /opt/airflow/dags/new.py","logger":"airflow.models.dagbag.DagBag"}
{"timestamp":"2025-07-17T05:42:04.414762","level":"info","event":"Filling up the DagBag from /opt/airflow/dags/new.py","logger":"airflow.models.dagbag.DagBag"}
{"timestamp":"2025-07-17T05:42:35.522381","level":"info","event":"Filling up the DagBag from /opt/airflow/dags/new.py","logger":"airflow.models.dagbag.DagBag"}
{"timestamp":"2025-07-17T05:43:06.219245","level":"info","event":"Filling up the DagBag from /opt/airflow/dags/new.py","logger":"airflow.models.dagbag.DagBag"}
{"timestamp":"2025-07-17T05:43:36.763664","level":"info","event":"Filling up the DagBag from /opt/airflow/dags/new.py","logger":"airflow.models.dagbag.DagBag"}
{"timestamp":"2025-07-17T05:44:07.535618","level":"info","event":"Filling up the DagBag from /opt/airflow/dags/new.py","logger":"airflow.models.dagbag.DagBag"}
{"timestamp":"2025-07-17T05:44:38.131893","level":"info","event":"Filling up the DagBag from /opt/airflow/dags/new.py","logger":"airflow.models.dagbag.DagBag"}
{"timestamp":"2025-07-17T05:45:09.120479","level":"info","event":"Filling up the DagBag from /opt/airflow/dags/new.py","logger":"airflow.models.dagbag.DagBag"}
{"timestamp":"2025-07-17T05:45:39.535485","level":"info","event":"Filling up the DagBag from /opt/airflow/dags/new.py","logger":"airflow.models.dagbag.DagBag"}
{"timestamp":"2025-07-17T05:46:10.500421","level":"info","event":"Filling up the DagBag from /opt/airflow/dags/new.py","logger":"airflow.models.dagbag.DagBag"}
{"timestamp":"2025-07-17T05:46:41.392996","level":"info","event":"Filling up the DagBag from /opt/airflow/dags/new.py","logger":"airflow.models.dagbag.DagBag"}
{"timestamp":"2025-07-17T05:47:11.929733","level":"info","event":"Filling up the DagBag from /opt/airflow/dags/new.py","logger":"airflow.models.dagbag.DagBag"}
{"timestamp":"2025-07-17T05:47:42.570537","level":"info","event":"Filling up the DagBag from /opt/airflow/dags/new.py","logger":"airflow.models.dagbag.DagBag"}
{"timestamp":"2025-07-17T05:48:13.040086","level":"info","event":"Filling up the DagBag from /opt/airflow/dags/new.py","logger":"airflow.models.dagbag.DagBag"}
{"timestamp":"2025-07-17T05:48:43.275885","level":"info","event":"Filling up the DagBag from /opt/airflow/dags/new.py","logger":"airflow.models.dagbag.DagBag"}
{"timestamp":"2025-07-17T05:49:14.132638","level":"info","event":"Filling up the DagBag from /opt/airflow/dags/new.py","logger":"airflow.models.dagbag.DagBag"}
{"timestamp":"2025-07-17T05:49:44.439060","level":"info","event":"Filling up the DagBag from /opt/airflow/dags/new.py","logger":"airflow.models.dagbag.DagBag"}
{"timestamp":"2025-07-17T05:50:14.619843","level":"info","event":"Filling up the DagBag from /opt/airflow/dags/new.py","logger":"airflow.models.dagbag.DagBag"}
{"timestamp":"2025-07-17T05:50:45.473808","level":"info","event":"Filling up the DagBag from /opt/airflow/dags/new.py","logger":"airflow.models.dagbag.DagBag"}
{"timestamp":"2025-07-17T05:51:15.954732","level":"info","event":"Filling up the DagBag from /opt/airflow/dags/new.py","logger":"airflow.models.dagbag.DagBag"}
{"timestamp":"2025-07-17T05:51:46.728163","level":"info","event":"Filling up the DagBag from /opt/airflow/dags/new.py","logger":"airflow.models.dagbag.DagBag"}
{"timestamp":"2025-07-17T05:52:17.926169","level":"info","event":"Filling up the DagBag from /opt/airflow/dags/new.py","logger":"airflow.models.dagbag.DagBag"}
{"timestamp":"2025-07-17T05:52:48.449958","level":"info","event":"Filling up the DagBag from /opt/airflow/dags/new.py","logger":"airflow.models.dagbag.DagBag"}
{"timestamp":"2025-07-17T05:53:18.955276","level":"info","event":"Filling up the DagBag from /opt/airflow/dags/new.py","logger":"airflow.models.dagbag.DagBag"}
{"timestamp":"2025-07-17T05:53:49.820375","level":"info","event":"Filling up the DagBag from /opt/airflow/dags/new.py","logger":"airflow.models.dagbag.DagBag"}
{"timestamp":"2025-07-17T05:54:20.411295","level":"info","event":"Filling up the DagBag from /opt/airflow/dags/new.py","logger":"airflow.models.dagbag.DagBag"}
{"timestamp":"2025-07-17T05:54:50.710617","level":"info","event":"Filling up the DagBag from /opt/airflow/dags/new.py","logger":"airflow.models.dagbag.DagBag"}
{"timestamp":"2025-07-17T05:55:21.418041","level":"info","event":"Filling up the DagBag from /opt/airflow/dags/new.py","logger":"airflow.models.dagbag.DagBag"}
{"timestamp":"2025-07-17T05:55:51.838735","level":"info","event":"Filling up the DagBag from /opt/airflow/dags/new.py","logger":"airflow.models.dagbag.DagBag"}
{"timestamp":"2025-07-17T05:56:22.596467","level":"info","event":"Filling up the DagBag from /opt/airflow/dags/new.py","logger":"airflow.models.dagbag.DagBag"}
{"timestamp":"2025-07-17T05:56:53.363904","level":"info","event":"Filling up the DagBag from /opt/airflow/dags/new.py","logger":"airflow.models.dagbag.DagBag"}
{"timestamp":"2025-07-17T05:57:24.044302","level":"info","event":"Filling up the DagBag from /opt/airflow/dags/new.py","logger":"airflow.models.dagbag.DagBag"}
{"timestamp":"2025-07-17T05:57:54.581137","level":"info","event":"Filling up the DagBag from /opt/airflow/dags/new.py","logger":"airflow.models.dagbag.DagBag"}
{"timestamp":"2025-07-17T05:58:25.367170","level":"info","event":"Filling up the DagBag from /opt/airflow/dags/new.py","logger":"airflow.models.dagbag.DagBag"}
{"timestamp":"2025-07-17T05:58:56.301919","level":"info","event":"Filling up the DagBag from /opt/airflow/dags/new.py","logger":"airflow.models.dagbag.DagBag"}
{"timestamp":"2025-07-17T05:59:27.106618","level":"info","event":"Filling up the DagBag from /opt/airflow/dags/new.py","logger":"airflow.models.dagbag.DagBag"}
{"timestamp":"2025-07-17T05:59:57.989446","level":"info","event":"Filling up the DagBag from /opt/airflow/dags/new.py","logger":"airflow.models.dagbag.DagBag"}
{"timestamp":"2025-07-17T06:00:28.219389","level":"info","event":"Filling up the DagBag from /opt/airflow/dags/new.py","logger":"airflow.models.dagbag.DagBag"}
{"timestamp":"2025-07-17T06:00:58.696401","level":"info","event":"Filling up the DagBag from /opt/airflow/dags/new.py","logger":"airflow.models.dagbag.DagBag"}
{"timestamp":"2025-07-17T06:01:29.783131","level":"info","event":"Filling up the DagBag from /opt/airflow/dags/new.py","logger":"airflow.models.dagbag.DagBag"}
{"timestamp":"2025-07-17T06:02:00.715279","level":"info","event":"Filling up the DagBag from /opt/airflow/dags/new.py","logger":"airflow.models.dagbag.DagBag"}
{"timestamp":"2025-07-17T06:02:31.797993","level":"info","event":"Filling up the DagBag from /opt/airflow/dags/new.py","logger":"airflow.models.dagbag.DagBag"}
{"timestamp":"2025-07-17T06:03:02.403059","level":"info","event":"Filling up the DagBag from /opt/airflow/dags/new.py","logger":"airflow.models.dagbag.DagBag"}
{"timestamp":"2025-07-17T06:03:32.896805","level":"info","event":"Filling up the DagBag from /opt/airflow/dags/new.py","logger":"airflow.models.dagbag.DagBag"}
{"timestamp":"2025-07-17T06:04:04.702934","level":"info","event":"Filling up the DagBag from /opt/airflow/dags/new.py","logger":"airflow.models.dagbag.DagBag"}
{"timestamp":"2025-07-17T06:04:35.396705","level":"info","event":"Filling up the DagBag from /opt/airflow/dags/new.py","logger":"airflow.models.dagbag.DagBag"}
{"timestamp":"2025-07-17T06:05:06.418360","level":"info","event":"Filling up the DagBag from /opt/airflow/dags/new.py","logger":"airflow.models.dagbag.DagBag"}
{"timestamp":"2025-07-17T06:05:37.397222","level":"info","event":"Filling up the DagBag from /opt/airflow/dags/new.py","logger":"airflow.models.dagbag.DagBag"}
{"timestamp":"2025-07-17T06:06:07.832963","level":"info","event":"Filling up the DagBag from /opt/airflow/dags/new.py","logger":"airflow.models.dagbag.DagBag"}
{"timestamp":"2025-07-17T06:06:38.199634","level":"info","event":"Filling up the DagBag from /opt/airflow/dags/new.py","logger":"airflow.models.dagbag.DagBag"}
{"timestamp":"2025-07-17T06:07:09.146052","level":"info","event":"Filling up the DagBag from /opt/airflow/dags/new.py","logger":"airflow.models.dagbag.DagBag"}
{"timestamp":"2025-07-17T06:07:40.012934","level":"info","event":"Filling up the DagBag from /opt/airflow/dags/new.py","logger":"airflow.models.dagbag.DagBag"}
{"timestamp":"2025-07-17T06:08:10.540400","level":"info","event":"Filling up the DagBag from /opt/airflow/dags/new.py","logger":"airflow.models.dagbag.DagBag"}
{"timestamp":"2025-07-17T06:08:40.912149","level":"info","event":"Filling up the DagBag from /opt/airflow/dags/new.py","logger":"airflow.models.dagbag.DagBag"}
{"timestamp":"2025-07-17T06:09:11.728594","level":"info","event":"Filling up the DagBag from /opt/airflow/dags/new.py","logger":"airflow.models.dagbag.DagBag"}
{"timestamp":"2025-07-17T06:09:42.645343","level":"info","event":"Filling up the DagBag from /opt/airflow/dags/new.py","logger":"airflow.models.dagbag.DagBag"}
{"timestamp":"2025-07-17T06:10:13.656203","level":"info","event":"Filling up the DagBag from /opt/airflow/dags/new.py","logger":"airflow.models.dagbag.DagBag"}
{"timestamp":"2025-07-17T06:10:43.902244","level":"info","event":"Filling up the DagBag from /opt/airflow/dags/new.py","logger":"airflow.models.dagbag.DagBag"}
{"timestamp":"2025-07-17T06:11:15.010850","level":"info","event":"Filling up the DagBag from /opt/airflow/dags/new.py","logger":"airflow.models.dagbag.DagBag"}
{"timestamp":"2025-07-17T06:11:46.133817","level":"info","event":"Filling up the DagBag from /opt/airflow/dags/new.py","logger":"airflow.models.dagbag.DagBag"}
{"timestamp":"2025-07-17T06:12:17.088076","level":"info","event":"Filling up the DagBag from /opt/airflow/dags/new.py","logger":"airflow.models.dagbag.DagBag"}
{"timestamp":"2025-07-17T06:12:47.782256","level":"info","event":"Filling up the DagBag from /opt/airflow/dags/new.py","logger":"airflow.models.dagbag.DagBag"}
{"timestamp":"2025-07-17T06:13:18.645419","level":"info","event":"Filling up the DagBag from /opt/airflow/dags/new.py","logger":"airflow.models.dagbag.DagBag"}
{"timestamp":"2025-07-17T06:13:49.693500","level":"info","event":"Filling up the DagBag from /opt/airflow/dags/new.py","logger":"airflow.models.dagbag.DagBag"}
{"timestamp":"2025-07-17T06:14:20.542287","level":"info","event":"Filling up the DagBag from /opt/airflow/dags/new.py","logger":"airflow.models.dagbag.DagBag"}
{"timestamp":"2025-07-17T06:14:50.759237","level":"info","event":"Filling up the DagBag from /opt/airflow/dags/new.py","logger":"airflow.models.dagbag.DagBag"}
{"timestamp":"2025-07-17T06:15:21.447771","level":"info","event":"Filling up the DagBag from /opt/airflow/dags/new.py","logger":"airflow.models.dagbag.DagBag"}
{"timestamp":"2025-07-17T06:15:52.253071","level":"info","event":"Filling up the DagBag from /opt/airflow/dags/new.py","logger":"airflow.models.dagbag.DagBag"}
{"timestamp":"2025-07-17T06:16:22.518282","level":"info","event":"Filling up the DagBag from /opt/airflow/dags/new.py","logger":"airflow.models.dagbag.DagBag"}
{"timestamp":"2025-07-17T06:16:52.870790","level":"info","event":"Filling up the DagBag from /opt/airflow/dags/new.py","logger":"airflow.models.dagbag.DagBag"}
{"timestamp":"2025-07-17T06:17:23.100810","level":"info","event":"Filling up the DagBag from /opt/airflow/dags/new.py","logger":"airflow.models.dagbag.DagBag"}
{"timestamp":"2025-07-17T06:17:53.503761","level":"info","event":"Filling up the DagBag from /opt/airflow/dags/new.py","logger":"airflow.models.dagbag.DagBag"}
{"timestamp":"2025-07-17T06:18:24.630706","level":"info","event":"Filling up the DagBag from /opt/airflow/dags/new.py","logger":"airflow.models.dagbag.DagBag"}
{"timestamp":"2025-07-17T06:18:56.183795","level":"info","event":"Filling up the DagBag from /opt/airflow/dags/new.py","logger":"airflow.models.dagbag.DagBag"}
{"timestamp":"2025-07-17T06:19:26.504249","level":"info","event":"Filling up the DagBag from /opt/airflow/dags/new.py","logger":"airflow.models.dagbag.DagBag"}
{"timestamp":"2025-07-17T06:19:57.511801","level":"info","event":"Filling up the DagBag from /opt/airflow/dags/new.py","logger":"airflow.models.dagbag.DagBag"}
{"timestamp":"2025-07-17T06:20:29.389055","level":"info","event":"Filling up the DagBag from /opt/airflow/dags/new.py","logger":"airflow.models.dagbag.DagBag"}
{"timestamp":"2025-07-17T06:21:01.929824","level":"info","event":"Filling up the DagBag from /opt/airflow/dags/new.py","logger":"airflow.models.dagbag.DagBag"}
{"timestamp":"2025-07-17T06:21:33.095301","level":"info","event":"Filling up the DagBag from /opt/airflow/dags/new.py","logger":"airflow.models.dagbag.DagBag"}
{"timestamp":"2025-07-17T06:22:03.371468","level":"info","event":"Filling up the DagBag from /opt/airflow/dags/new.py","logger":"airflow.models.dagbag.DagBag"}
{"timestamp":"2025-07-17T06:22:33.985357","level":"info","event":"Filling up the DagBag from /opt/airflow/dags/new.py","logger":"airflow.models.dagbag.DagBag"}
{"timestamp":"2025-07-17T06:23:04.637874","level":"info","event":"Filling up the DagBag from /opt/airflow/dags/new.py","logger":"airflow.models.dagbag.DagBag"}
{"timestamp":"2025-07-17T06:23:35.607249","level":"info","event":"Filling up the DagBag from /opt/airflow/dags/new.py","logger":"airflow.models.dagbag.DagBag"}
{"timestamp":"2025-07-17T06:24:06.151690","level":"info","event":"Filling up the DagBag from /opt/airflow/dags/new.py","logger":"airflow.models.dagbag.DagBag"}
{"timestamp":"2025-07-17T06:24:36.484404","level":"info","event":"Filling up the DagBag from /opt/airflow/dags/new.py","logger":"airflow.models.dagbag.DagBag"}
{"timestamp":"2025-07-17T06:25:06.989092","level":"info","event":"Filling up the DagBag from /opt/airflow/dags/new.py","logger":"airflow.models.dagbag.DagBag"}
{"timestamp":"2025-07-17T06:25:38.000357","level":"info","event":"Filling up the DagBag from /opt/airflow/dags/new.py","logger":"airflow.models.dagbag.DagBag"}
{"timestamp":"2025-07-17T06:26:08.474600","level":"info","event":"Filling up the DagBag from /opt/airflow/dags/new.py","logger":"airflow.models.dagbag.DagBag"}
{"timestamp":"2025-07-17T06:26:38.971518","level":"info","event":"Filling up the DagBag from /opt/airflow/dags/new.py","logger":"airflow.models.dagbag.DagBag"}
{"timestamp":"2025-07-17T06:27:09.830185","level":"info","event":"Filling up the DagBag from /opt/airflow/dags/new.py","logger":"airflow.models.dagbag.DagBag"}
{"timestamp":"2025-07-17T06:27:40.739500","level":"info","event":"Filling up the DagBag from /opt/airflow/dags/new.py","logger":"airflow.models.dagbag.DagBag"}
{"timestamp":"2025-07-17T06:28:11.280039","level":"info","event":"Filling up the DagBag from /opt/airflow/dags/new.py","logger":"airflow.models.dagbag.DagBag"}
{"timestamp":"2025-07-17T06:28:41.864422","level":"info","event":"Filling up the DagBag from /opt/airflow/dags/new.py","logger":"airflow.models.dagbag.DagBag"}
{"timestamp":"2025-07-17T06:29:12.411494","level":"info","event":"Filling up the DagBag from /opt/airflow/dags/new.py","logger":"airflow.models.dagbag.DagBag"}
{"timestamp":"2025-07-17T06:29:42.716576","level":"info","event":"Filling up the DagBag from /opt/airflow/dags/new.py","logger":"airflow.models.dagbag.DagBag"}
{"timestamp":"2025-07-17T06:30:13.854092","level":"info","event":"Filling up the DagBag from /opt/airflow/dags/new.py","logger":"airflow.models.dagbag.DagBag"}
{"timestamp":"2025-07-17T06:30:44.715302","level":"info","event":"Filling up the DagBag from /opt/airflow/dags/new.py","logger":"airflow.models.dagbag.DagBag"}
{"timestamp":"2025-07-17T06:31:15.022611","level":"info","event":"Filling up the DagBag from /opt/airflow/dags/new.py","logger":"airflow.models.dagbag.DagBag"}
{"timestamp":"2025-07-17T06:31:47.583665","level":"info","event":"Filling up the DagBag from /opt/airflow/dags/new.py","logger":"airflow.models.dagbag.DagBag"}
{"timestamp":"2025-07-17T06:32:18.494635","level":"info","event":"Filling up the DagBag from /opt/airflow/dags/new.py","logger":"airflow.models.dagbag.DagBag"}
{"timestamp":"2025-07-17T06:32:49.571676","level":"info","event":"Filling up the DagBag from /opt/airflow/dags/new.py","logger":"airflow.models.dagbag.DagBag"}
{"timestamp":"2025-07-17T06:33:20.074662","level":"info","event":"Filling up the DagBag from /opt/airflow/dags/new.py","logger":"airflow.models.dagbag.DagBag"}
{"timestamp":"2025-07-17T06:33:50.945728","level":"info","event":"Filling up the DagBag from /opt/airflow/dags/new.py","logger":"airflow.models.dagbag.DagBag"}
{"timestamp":"2025-07-17T06:34:21.836248","level":"info","event":"Filling up the DagBag from /opt/airflow/dags/new.py","logger":"airflow.models.dagbag.DagBag"}
{"timestamp":"2025-07-17T06:34:52.391645","level":"info","event":"Filling up the DagBag from /opt/airflow/dags/new.py","logger":"airflow.models.dagbag.DagBag"}
{"timestamp":"2025-07-17T06:35:22.818989","level":"info","event":"Filling up the DagBag from /opt/airflow/dags/new.py","logger":"airflow.models.dagbag.DagBag"}
{"timestamp":"2025-07-17T06:35:53.659268","level":"info","event":"Filling up the DagBag from /opt/airflow/dags/new.py","logger":"airflow.models.dagbag.DagBag"}
{"timestamp":"2025-07-17T06:36:24.103402","level":"info","event":"Filling up the DagBag from /opt/airflow/dags/new.py","logger":"airflow.models.dagbag.DagBag"}
{"timestamp":"2025-07-17T06:36:54.573730","level":"info","event":"Filling up the DagBag from /opt/airflow/dags/new.py","logger":"airflow.models.dagbag.DagBag"}
{"timestamp":"2025-07-17T06:37:25.587977","level":"info","event":"Filling up the DagBag from /opt/airflow/dags/new.py","logger":"airflow.models.dagbag.DagBag"}
{"timestamp":"2025-07-17T06:37:56.236893","level":"info","event":"Filling up the DagBag from /opt/airflow/dags/new.py","logger":"airflow.models.dagbag.DagBag"}
{"timestamp":"2025-07-17T06:38:27.420129","level":"info","event":"Filling up the DagBag from /opt/airflow/dags/new.py","logger":"airflow.models.dagbag.DagBag"}
{"timestamp":"2025-07-17T06:38:58.622005","level":"info","event":"Filling up the DagBag from /opt/airflow/dags/new.py","logger":"airflow.models.dagbag.DagBag"}
{"timestamp":"2025-07-17T06:39:29.212276","level":"info","event":"Filling up the DagBag from /opt/airflow/dags/new.py","logger":"airflow.models.dagbag.DagBag"}
{"timestamp":"2025-07-17T06:40:00.208121","level":"info","event":"Filling up the DagBag from /opt/airflow/dags/new.py","logger":"airflow.models.dagbag.DagBag"}
{"timestamp":"2025-07-17T06:40:30.968610","level":"info","event":"Filling up the DagBag from /opt/airflow/dags/new.py","logger":"airflow.models.dagbag.DagBag"}
{"timestamp":"2025-07-17T06:41:01.520793","level":"info","event":"Filling up the DagBag from /opt/airflow/dags/new.py","logger":"airflow.models.dagbag.DagBag"}
{"timestamp":"2025-07-17T06:41:32.590053","level":"info","event":"Filling up the DagBag from /opt/airflow/dags/new.py","logger":"airflow.models.dagbag.DagBag"}
{"timestamp":"2025-07-17T06:42:03.566842","level":"info","event":"Filling up the DagBag from /opt/airflow/dags/new.py","logger":"airflow.models.dagbag.DagBag"}
{"timestamp":"2025-07-17T06:42:34.235057","level":"info","event":"Filling up the DagBag from /opt/airflow/dags/new.py","logger":"airflow.models.dagbag.DagBag"}
{"timestamp":"2025-07-17T06:43:05.236245","level":"info","event":"Filling up the DagBag from /opt/airflow/dags/new.py","logger":"airflow.models.dagbag.DagBag"}
{"timestamp":"2025-07-17T06:43:35.740889","level":"info","event":"Filling up the DagBag from /opt/airflow/dags/new.py","logger":"airflow.models.dagbag.DagBag"}
{"timestamp":"2025-07-17T06:44:06.176695","level":"info","event":"Filling up the DagBag from /opt/airflow/dags/new.py","logger":"airflow.models.dagbag.DagBag"}
{"timestamp":"2025-07-17T06:44:36.948016","level":"info","event":"Filling up the DagBag from /opt/airflow/dags/new.py","logger":"airflow.models.dagbag.DagBag"}
{"timestamp":"2025-07-17T06:45:07.432425","level":"info","event":"Filling up the DagBag from /opt/airflow/dags/new.py","logger":"airflow.models.dagbag.DagBag"}
{"timestamp":"2025-07-17T06:45:38.028706","level":"info","event":"Filling up the DagBag from /opt/airflow/dags/new.py","logger":"airflow.models.dagbag.DagBag"}
{"timestamp":"2025-07-17T06:46:08.431970","level":"info","event":"Filling up the DagBag from /opt/airflow/dags/new.py","logger":"airflow.models.dagbag.DagBag"}
{"timestamp":"2025-07-17T06:46:39.586076","level":"info","event":"Filling up the DagBag from /opt/airflow/dags/new.py","logger":"airflow.models.dagbag.DagBag"}
{"timestamp":"2025-07-17T06:47:10.032474","level":"info","event":"Filling up the DagBag from /opt/airflow/dags/new.py","logger":"airflow.models.dagbag.DagBag"}
{"timestamp":"2025-07-17T06:47:40.588003","level":"info","event":"Filling up the DagBag from /opt/airflow/dags/new.py","logger":"airflow.models.dagbag.DagBag"}
{"timestamp":"2025-07-17T06:48:10.840454","level":"info","event":"Filling up the DagBag from /opt/airflow/dags/new.py","logger":"airflow.models.dagbag.DagBag"}
{"timestamp":"2025-07-17T06:48:41.153390","level":"info","event":"Filling up the DagBag from /opt/airflow/dags/new.py","logger":"airflow.models.dagbag.DagBag"}
{"timestamp":"2025-07-17T06:49:11.636498","level":"info","event":"Filling up the DagBag from /opt/airflow/dags/new.py","logger":"airflow.models.dagbag.DagBag"}
{"timestamp":"2025-07-17T06:49:42.859900","level":"info","event":"Filling up the DagBag from /opt/airflow/dags/new.py","logger":"airflow.models.dagbag.DagBag"}
{"timestamp":"2025-07-17T06:50:13.207041","level":"info","event":"Filling up the DagBag from /opt/airflow/dags/new.py","logger":"airflow.models.dagbag.DagBag"}
{"timestamp":"2025-07-17T06:50:44.385369","level":"info","event":"Filling up the DagBag from /opt/airflow/dags/new.py","logger":"airflow.models.dagbag.DagBag"}
{"timestamp":"2025-07-17T06:51:15.130915","level":"info","event":"Filling up the DagBag from /opt/airflow/dags/new.py","logger":"airflow.models.dagbag.DagBag"}
{"timestamp":"2025-07-17T06:51:46.033994","level":"info","event":"Filling up the DagBag from /opt/airflow/dags/new.py","logger":"airflow.models.dagbag.DagBag"}
{"timestamp":"2025-07-17T06:52:17.065540","level":"info","event":"Filling up the DagBag from /opt/airflow/dags/new.py","logger":"airflow.models.dagbag.DagBag"}
{"timestamp":"2025-07-17T06:52:47.393910","level":"info","event":"Filling up the DagBag from /opt/airflow/dags/new.py","logger":"airflow.models.dagbag.DagBag"}
{"timestamp":"2025-07-17T06:53:18.403580","level":"info","event":"Filling up the DagBag from /opt/airflow/dags/new.py","logger":"airflow.models.dagbag.DagBag"}
{"timestamp":"2025-07-17T06:53:49.214410","level":"info","event":"Filling up the DagBag from /opt/airflow/dags/new.py","logger":"airflow.models.dagbag.DagBag"}
{"timestamp":"2025-07-17T06:54:19.722069","level":"info","event":"Filling up the DagBag from /opt/airflow/dags/new.py","logger":"airflow.models.dagbag.DagBag"}
{"timestamp":"2025-07-17T06:54:50.857716","level":"info","event":"Filling up the DagBag from /opt/airflow/dags/new.py","logger":"airflow.models.dagbag.DagBag"}
{"timestamp":"2025-07-17T06:55:21.681919","level":"info","event":"Filling up the DagBag from /opt/airflow/dags/new.py","logger":"airflow.models.dagbag.DagBag"}
{"timestamp":"2025-07-17T06:55:52.394060","level":"info","event":"Filling up the DagBag from /opt/airflow/dags/new.py","logger":"airflow.models.dagbag.DagBag"}
{"timestamp":"2025-07-17T06:56:22.894842","level":"info","event":"Filling up the DagBag from /opt/airflow/dags/new.py","logger":"airflow.models.dagbag.DagBag"}
{"timestamp":"2025-07-17T06:56:53.768353","level":"info","event":"Filling up the DagBag from /opt/airflow/dags/new.py","logger":"airflow.models.dagbag.DagBag"}
{"timestamp":"2025-07-17T06:57:24.651890","level":"info","event":"Filling up the DagBag from /opt/airflow/dags/new.py","logger":"airflow.models.dagbag.DagBag"}
{"timestamp":"2025-07-17T06:57:55.320154","level":"info","event":"Filling up the DagBag from /opt/airflow/dags/new.py","logger":"airflow.models.dagbag.DagBag"}
{"timestamp":"2025-07-17T06:58:26.208176","level":"info","event":"Filling up the DagBag from /opt/airflow/dags/new.py","logger":"airflow.models.dagbag.DagBag"}
{"timestamp":"2025-07-17T06:58:56.985504","level":"info","event":"Filling up the DagBag from /opt/airflow/dags/new.py","logger":"airflow.models.dagbag.DagBag"}
{"timestamp":"2025-07-17T06:59:27.656579","level":"info","event":"Filling up the DagBag from /opt/airflow/dags/new.py","logger":"airflow.models.dagbag.DagBag"}
{"timestamp":"2025-07-17T06:59:58.109103","level":"info","event":"Filling up the DagBag from /opt/airflow/dags/new.py","logger":"airflow.models.dagbag.DagBag"}
{"timestamp":"2025-07-17T07:00:28.904577","level":"info","event":"Filling up the DagBag from /opt/airflow/dags/new.py","logger":"airflow.models.dagbag.DagBag"}
{"timestamp":"2025-07-17T07:00:59.710120","level":"info","event":"Filling up the DagBag from /opt/airflow/dags/new.py","logger":"airflow.models.dagbag.DagBag"}
{"timestamp":"2025-07-17T07:01:30.043884","level":"info","event":"Filling up the DagBag from /opt/airflow/dags/new.py","logger":"airflow.models.dagbag.DagBag"}
{"timestamp":"2025-07-17T07:02:00.609223","level":"info","event":"Filling up the DagBag from /opt/airflow/dags/new.py","logger":"airflow.models.dagbag.DagBag"}
{"timestamp":"2025-07-17T07:02:31.315908","level":"info","event":"Filling up the DagBag from /opt/airflow/dags/new.py","logger":"airflow.models.dagbag.DagBag"}
{"timestamp":"2025-07-17T07:03:01.717650","level":"info","event":"Filling up the DagBag from /opt/airflow/dags/new.py","logger":"airflow.models.dagbag.DagBag"}
{"timestamp":"2025-07-17T07:03:32.131750","level":"info","event":"Filling up the DagBag from /opt/airflow/dags/new.py","logger":"airflow.models.dagbag.DagBag"}
{"timestamp":"2025-07-17T07:04:02.832552","level":"info","event":"Filling up the DagBag from /opt/airflow/dags/new.py","logger":"airflow.models.dagbag.DagBag"}
{"timestamp":"2025-07-17T07:04:33.134739","level":"info","event":"Filling up the DagBag from /opt/airflow/dags/new.py","logger":"airflow.models.dagbag.DagBag"}
{"timestamp":"2025-07-17T07:05:04.010856","level":"info","event":"Filling up the DagBag from /opt/airflow/dags/new.py","logger":"airflow.models.dagbag.DagBag"}
{"timestamp":"2025-07-17T07:05:34.438593","level":"info","event":"Filling up the DagBag from /opt/airflow/dags/new.py","logger":"airflow.models.dagbag.DagBag"}
{"timestamp":"2025-07-17T07:06:05.097915","level":"info","event":"Filling up the DagBag from /opt/airflow/dags/new.py","logger":"airflow.models.dagbag.DagBag"}
{"timestamp":"2025-07-17T07:06:35.398233","level":"info","event":"Filling up the DagBag from /opt/airflow/dags/new.py","logger":"airflow.models.dagbag.DagBag"}
{"timestamp":"2025-07-17T07:07:05.744872","level":"info","event":"Filling up the DagBag from /opt/airflow/dags/new.py","logger":"airflow.models.dagbag.DagBag"}
{"timestamp":"2025-07-17T07:07:36.242457","level":"info","event":"Filling up the DagBag from /opt/airflow/dags/new.py","logger":"airflow.models.dagbag.DagBag"}
{"timestamp":"2025-07-17T07:41:58.107452","level":"info","event":"Filling up the DagBag from /opt/airflow/dags/new.py","logger":"airflow.models.dagbag.DagBag"}
{"timestamp":"2025-07-17T07:42:28.783108","level":"info","event":"Filling up the DagBag from /opt/airflow/dags/new.py","logger":"airflow.models.dagbag.DagBag"}
{"timestamp":"2025-07-17T07:42:59.991142","level":"info","event":"Filling up the DagBag from /opt/airflow/dags/new.py","logger":"airflow.models.dagbag.DagBag"}
{"timestamp":"2025-07-17T07:43:31.166448","level":"info","event":"Filling up the DagBag from /opt/airflow/dags/new.py","logger":"airflow.models.dagbag.DagBag"}
{"timestamp":"2025-07-17T07:44:01.762720","level":"info","event":"Filling up the DagBag from /opt/airflow/dags/new.py","logger":"airflow.models.dagbag.DagBag"}
{"timestamp":"2025-07-17T07:44:32.337340","level":"info","event":"Filling up the DagBag from /opt/airflow/dags/new.py","logger":"airflow.models.dagbag.DagBag"}
{"timestamp":"2025-07-17T07:45:02.600301","level":"info","event":"Filling up the DagBag from /opt/airflow/dags/new.py","logger":"airflow.models.dagbag.DagBag"}
{"timestamp":"2025-07-17T07:45:33.730579","level":"info","event":"Filling up the DagBag from /opt/airflow/dags/new.py","logger":"airflow.models.dagbag.DagBag"}
{"timestamp":"2025-07-17T07:46:04.495029","level":"info","event":"Filling up the DagBag from /opt/airflow/dags/new.py","logger":"airflow.models.dagbag.DagBag"}
{"timestamp":"2025-07-17T07:46:35.050801","level":"info","event":"Filling up the DagBag from /opt/airflow/dags/new.py","logger":"airflow.models.dagbag.DagBag"}
{"timestamp":"2025-07-17T07:47:05.393330","level":"info","event":"Filling up the DagBag from /opt/airflow/dags/new.py","logger":"airflow.models.dagbag.DagBag"}
{"timestamp":"2025-07-17T07:47:35.805569","level":"info","event":"Filling up the DagBag from /opt/airflow/dags/new.py","logger":"airflow.models.dagbag.DagBag"}
{"timestamp":"2025-07-17T07:48:06.712127","level":"info","event":"Filling up the DagBag from /opt/airflow/dags/new.py","logger":"airflow.models.dagbag.DagBag"}
{"timestamp":"2025-07-17T07:48:36.936720","level":"info","event":"Filling up the DagBag from /opt/airflow/dags/new.py","logger":"airflow.models.dagbag.DagBag"}
{"timestamp":"2025-07-17T07:49:07.288944","level":"info","event":"Filling up the DagBag from /opt/airflow/dags/new.py","logger":"airflow.models.dagbag.DagBag"}
{"timestamp":"2025-07-17T07:49:38.166790","level":"info","event":"Filling up the DagBag from /opt/airflow/dags/new.py","logger":"airflow.models.dagbag.DagBag"}
{"timestamp":"2025-07-17T07:50:09.167948","level":"info","event":"Filling up the DagBag from /opt/airflow/dags/new.py","logger":"airflow.models.dagbag.DagBag"}
{"timestamp":"2025-07-17T07:50:39.631804","level":"info","event":"Filling up the DagBag from /opt/airflow/dags/new.py","logger":"airflow.models.dagbag.DagBag"}
{"timestamp":"2025-07-17T07:51:10.429922","level":"info","event":"Filling up the DagBag from /opt/airflow/dags/new.py","logger":"airflow.models.dagbag.DagBag"}
{"timestamp":"2025-07-17T07:51:40.780111","level":"info","event":"Filling up the DagBag from /opt/airflow/dags/new.py","logger":"airflow.models.dagbag.DagBag"}
{"timestamp":"2025-07-17T07:52:11.663025","level":"info","event":"Filling up the DagBag from /opt/airflow/dags/new.py","logger":"airflow.models.dagbag.DagBag"}
{"timestamp":"2025-07-17T07:52:42.490735","level":"info","event":"Filling up the DagBag from /opt/airflow/dags/new.py","logger":"airflow.models.dagbag.DagBag"}
{"timestamp":"2025-07-17T07:53:12.782628","level":"info","event":"Filling up the DagBag from /opt/airflow/dags/new.py","logger":"airflow.models.dagbag.DagBag"}
{"timestamp":"2025-07-17T07:53:43.181613","level":"info","event":"Filling up the DagBag from /opt/airflow/dags/new.py","logger":"airflow.models.dagbag.DagBag"}
{"timestamp":"2025-07-17T07:54:13.392684","level":"info","event":"Filling up the DagBag from /opt/airflow/dags/new.py","logger":"airflow.models.dagbag.DagBag"}
{"timestamp":"2025-07-17T07:54:43.578201","level":"info","event":"Filling up the DagBag from /opt/airflow/dags/new.py","logger":"airflow.models.dagbag.DagBag"}
{"timestamp":"2025-07-17T07:55:14.275713","level":"info","event":"Filling up the DagBag from /opt/airflow/dags/new.py","logger":"airflow.models.dagbag.DagBag"}
{"timestamp":"2025-07-17T07:55:45.298258","level":"info","event":"Filling up the DagBag from /opt/airflow/dags/new.py","logger":"airflow.models.dagbag.DagBag"}
{"timestamp":"2025-07-17T07:56:15.898349","level":"info","event":"Filling up the DagBag from /opt/airflow/dags/new.py","logger":"airflow.models.dagbag.DagBag"}
{"timestamp":"2025-07-17T07:56:46.533275","level":"info","event":"Filling up the DagBag from /opt/airflow/dags/new.py","logger":"airflow.models.dagbag.DagBag"}
